<?xml version="1.0" encoding="UTF-8"?>
<!-- Generated by org.testng.reporters.JUnitReportReporter -->
<testsuite skipped="0" hostname="Mandeeps-MacBook-Air.local" name="com.att.attus.AboutHome_Test" tests="2" failures="0" timestamp="17 Sep 2019 04:50:20 GMT" time="72.884" errors="0">
  <testcase name="OpenHomePageAndVerifyTitle" time="72.793" classname="com.att.attus.AboutHome_Test"/>
  <testcase name="VerifyFooterLinksOnHomePage" time="0.091" classname="com.att.attus.AboutHome_Test"/>
</testsuite> <!-- com.att.attus.AboutHome_Test -->
