<?xml version="1.0" encoding="UTF-8"?>
<!-- Generated by org.testng.reporters.JUnitReportReporter -->
<testsuite skipped="0" hostname="Mandeeps-MacBook-Air.local" name="com.att.attus.AllNews_Test" tests="2" failures="0" timestamp="17 Sep 2019 04:50:20 GMT" time="7.657" errors="0">
  <testcase name="OpenAllNewsPageAndVerifyTitle" time="7.535" classname="com.att.attus.AllNews_Test"/>
  <testcase name="VerifyFooterLinksOnAllNewsPage" time="0.122" classname="com.att.attus.AllNews_Test"/>
</testsuite> <!-- com.att.attus.AllNews_Test -->
