<?xml version="1.0" encoding="UTF-8"?>
<!-- Generated by org.testng.reporters.JUnitReportReporter -->
<testsuite skipped="0" hostname="Mandeeps-MacBook-Air.local" name="com.att.attus.Home_test3" tests="1" failures="0" timestamp="12 Sep 2019 05:20:54 GMT" time="40.253" errors="0">
  <testcase name="OpenUrlandVerifyTitle" time="40.253" classname="com.att.attus.Home_test3"/>
</testsuite> <!-- com.att.attus.Home_test3 -->
