<?xml version="1.0" encoding="UTF-8"?>
<!-- Generated by org.testng.reporters.JUnitReportReporter -->
<testsuite skipped="0" hostname="Mandeeps-MacBook-Air.local" name="com.att.attus.Home_test" tests="1" failures="0" timestamp="12 Sep 2019 05:20:54 GMT" time="12.775" errors="0">
  <testcase name="OpenUrlandVerifyTitle" time="12.775" classname="com.att.attus.Home_test"/>
</testsuite> <!-- com.att.attus.Home_test -->
